{"message":"Connected","level":"info"}
{"message":"Logged in as: ","level":"info"}
{"message":"Count Endtime - (729269847422140437)","level":"info"}
{"message":"Connected","level":"info"}
{"message":"Logged in as: ","level":"info"}
{"message":"Count Endtime - (729269847422140437)","level":"info"}
{"message":"Connected","level":"info"}
{"message":"Logged in as: ","level":"info"}
{"message":"Count Endtime - (729269847422140437)","level":"info"}
{"message":"Connected","level":"info"}
{"message":"Logged in as: ","level":"info"}
{"message":"Count Endtime - (729269847422140437)","level":"info"}
{"message":"The console is logging on debug level","level":"info"}
{"message":"Connected","level":"info"}
{"message":"Logged in as: ","level":"info"}
{"message":"Count Endtime - (729269847422140437)","level":"info"}
{"message":"The console is logging on debug level","level":"info"}
{"message":"row value misused","level":"warn"}
{"message":"Connected","level":"info"}
{"message":"Logged in as: ","level":"info"}
{"message":"Count Endtime - (729269847422140437)","level":"info"}
{"message":"The console is logging on debug level","level":"info"}
{"message":"row value misused","level":"warn"}
{"message":"Connected","level":"info"}
{"message":"Logged in as: ","level":"info"}
{"message":"Count Endtime - (729269847422140437)","level":"info"}
{"message":"The console is logging on debug level","level":"info"}
{"message":"row value misused","level":"warn"}
{"message":"Connected","level":"info"}
{"message":"Logged in as: ","level":"info"}
{"message":"Count Endtime - (729269847422140437)","level":"info"}
{"message":"The console is logging on debug level","level":"info"}
{"message":"Connected","level":"info"}
{"message":"Logged in as: ","level":"info"}
{"message":"Count Endtime - (729269847422140437)","level":"info"}
{"message":"The console is logging on debug level","level":"info"}
{"message":"Connected","level":"info"}
{"message":"Logged in as: ","level":"info"}
{"message":"Count Endtime - (729269847422140437)","level":"info"}
{"message":"The console is logging on debug level","level":"info"}
{"message":"The specified token does not exist","level":"warn"}
{"message":"Connected","level":"info"}
{"message":"Logged in as: ","level":"info"}
{"message":"Count Endtime - (729269847422140437)","level":"info"}
{"message":"The console is logging on debug level","level":"info"}
{"message":"table guild has no column named format","level":"warn"}
{"message":"Connected","level":"info"}
{"message":"Logged in as: ","level":"info"}
{"message":"Count Endtime - (729269847422140437)","level":"info"}
{"message":"The console is logging on debug level","level":"info"}
{"message":"database is locked","level":"warn"}
{"message":"Connected","level":"info"}
{"message":"Logged in as: ","level":"info"}
{"message":"Count Endtime - (729269847422140437)","level":"info"}
{"message":"The console is logging on debug level","level":"info"}
{"message":"Connected","level":"info"}
{"message":"Logged in as: ","level":"info"}
{"message":"Count Endtime - (729269847422140437)","level":"info"}
{"message":"The console is logging on debug level","level":"info"}
